{
  "RSpec": {
    "coverage": {
      "/Users/alienone/work/midas_genie/spec/models/midas_genie/multiple_choice_question_spec.rb": [
        1,
        null,
        1,
        1,
        1,
        2,
        null,
        null,
        null
      ],
      "/Users/alienone/work/midas_genie/spec/rails_helper.rb": [
        null,
        1,
        1,
        null,
        1,
        1,
        1,
        null,
        1,
        1,
        1,
        1,
        null,
        null,
        null,
        null,
        null,
        null,
        null,
        null,
        null,
        null,
        null,
        null,
        null,
        null,
        null,
        null,
        null,
        null,
        1,
        null,
        1,
        null,
        null,
        null,
        null,
        null,
        null,
        null,
        null,
        null,
        null,
        null,
        null,
        null,
        null,
        null,
        null,
        null,
        null,
        null,
        null,
        null,
        1,
        null,
        null,
        1,
        null,
        null,
        null,
        null
      ],
      "/Users/alienone/work/midas_genie/spec/dummy/config/environment.rb": [
        null,
        1,
        null,
        null,
        1
      ],
      "/Users/alienone/work/midas_genie/spec/dummy/config/application.rb": [
        1,
        null,
        1,
        null,
        1,
        1,
        null,
        1,
        1,
        null,
        null,
        null,
        null,
        null,
        null,
        null,
        null,
        null,
        null,
        null,
        null,
        null,
        null,
        null
      ],
      "/Users/alienone/work/midas_genie/spec/dummy/config/boot.rb": [
        null,
        1,
        null,
        1,
        1
      ],
      "/Users/alienone/work/midas_genie/lib/midas_genie.rb": [
        1,
        null,
        1,
        null
      ],
      "/Users/alienone/work/midas_genie/lib/midas_genie/engine.rb": [
        1,
        null,
        1,
        1,
        1,
        null,
        null
      ],
      "/Users/alienone/work/midas_genie/spec/dummy/config/environments/test.rb": [
        1,
        null,
        null,
        null,
        null,
        null,
        null,
        1,
        null,
        null,
        null,
        null,
        1,
        null,
        null,
        1,
        1,
        null,
        null,
        1,
        1,
        null,
        null,
        1,
        null,
        null,
        1,
        null,
        null,
        null,
        null,
        1,
        null,
        null,
        1,
        null,
        null,
        null,
        null
      ],
      "/Users/alienone/work/midas_genie/spec/dummy/config/initializers/assets.rb": [
        null,
        null,
        null,
        1,
        null,
        null,
        null,
        null
      ],
      "/Users/alienone/work/midas_genie/spec/dummy/config/initializers/backtrace_silencers.rb": [
        null,
        null,
        null,
        null,
        null,
        null,
        null
      ],
      "/Users/alienone/work/midas_genie/spec/dummy/config/initializers/cookies_serializer.rb": [
        null,
        null,
        1
      ],
      "/Users/alienone/work/midas_genie/spec/dummy/config/initializers/filter_parameter_logging.rb": [
        null,
        null,
        null,
        1
      ],
      "/Users/alienone/work/midas_genie/spec/dummy/config/initializers/inflections.rb": [
        null,
        null,
        null,
        null,
        null,
        null,
        null,
        null,
        null,
        null,
        null,
        null,
        null,
        null,
        null,
        null
      ],
      "/Users/alienone/work/midas_genie/spec/dummy/config/initializers/mime_types.rb": [
        null,
        null,
        null,
        null
      ],
      "/Users/alienone/work/midas_genie/spec/dummy/config/initializers/session_store.rb": [
        null,
        null,
        1
      ],
      "/Users/alienone/work/midas_genie/spec/dummy/config/initializers/wrap_parameters.rb": [
        null,
        null,
        null,
        null,
        null,
        null,
        1,
        1,
        null,
        null,
        null,
        null,
        null,
        null
      ],
      "/Users/alienone/work/midas_genie/spec/dummy/config/routes.rb": [
        1,
        null,
        1,
        null
      ],
      "/Users/alienone/work/midas_genie/config/routes.rb": [
        1,
        null
      ],
      "/Users/alienone/work/midas_genie/spec/dummy/app/helpers/application_helper.rb": [
        1,
        null
      ],
      "/Users/alienone/work/midas_genie/spec/factories/multiple_choice_questions.rb": [
        1,
        1,
        1,
        null,
        1,
        1,
        1,
        null,
        null,
        1,
        0,
        null,
        null,
        null,
        null
      ],
      "/Users/alienone/work/midas_genie/app/models/midas_genie/multiple_choice_question.rb": [
        1,
        1,
        1,
        null,
        null
      ],
      "/Users/alienone/work/midas_genie/app/models/midas_genie/question.rb": [
        1,
        null,
        1,
        1,
        1,
        null,
        1,
        1,
        null,
        1,
        1,
        null,
        null,
        null
      ],
      "/Users/alienone/work/midas_genie/spec/factories/questions.rb": [
        1,
        1,
        1,
        1,
        null,
        null
      ],
      "/Users/alienone/work/midas_genie/spec/factories/single_choice_questions.rb": [
        1,
        1,
        1,
        null,
        1,
        1,
        1,
        null,
        null,
        1,
        0,
        null,
        null,
        null,
        null
      ],
      "/Users/alienone/work/midas_genie/app/models/midas_genie/single_choice_question.rb": [
        1,
        1,
        1,
        null,
        null
      ],
      "/Users/alienone/work/midas_genie/spec/models/midas_genie/option_spec.rb": [
        1,
        null,
        1,
        1,
        1,
        2,
        null,
        null,
        1,
        2,
        null,
        null,
        null
      ],
      "/Users/alienone/work/midas_genie/app/models/midas_genie/option.rb": [
        1,
        null,
        1,
        1,
        1,
        null,
        1,
        null,
        1,
        null,
        null
      ],
      "/Users/alienone/work/midas_genie/spec/models/midas_genie/question_spec.rb": [
        1,
        null,
        1,
        1,
        1,
        null,
        null,
        1,
        2,
        2,
        2,
        null,
        null,
        1,
        3,
        null,
        2,
        null,
        2,
        null,
        null,
        null
      ],
      "/Users/alienone/work/midas_genie/spec/models/midas_genie/single_choice_question_spec.rb": [
        1,
        null,
        1,
        1,
        1,
        2,
        null,
        null,
        null
      ]
    },
    "timestamp": 1450076425
  }
}
